2023-02-11 00:16:43,494 WARN  [HikariPool-1 housekeeper] com.zaxxer.hikari.pool.HikariPool:HikariPool-1 - Thread starvation or clock leap detected (housekeeper delta=1h18m11s629ms).
2023-02-11 02:17:44,853 WARN  [HikariPool-1 housekeeper] com.zaxxer.hikari.pool.HikariPool:HikariPool-1 - Thread starvation or clock leap detected (housekeeper delta=2h28s150ms).
2023-02-11 07:37:56,220 WARN  [HikariPool-1 housekeeper] com.zaxxer.hikari.pool.HikariPool:HikariPool-1 - Thread starvation or clock leap detected (housekeeper delta=5h20m8s186ms).
2023-02-11 13:04:35,409 WARN  [HikariPool-1 housekeeper] com.zaxxer.hikari.pool.HikariPool:HikariPool-1 - Thread starvation or clock leap detected (housekeeper delta=5h26m7s489ms).
2023-02-11 13:11:01,760 INFO  [SpringApplicationShutdownHook] org.springframework.orm.jpa.LocalContainerEntityManagerFactoryBean:Closing JPA EntityManagerFactory for persistence unit 'default'
2023-02-11 13:11:01,901 INFO  [SpringApplicationShutdownHook] com.zaxxer.hikari.HikariDataSource:HikariPool-1 - Shutdown initiated...
2023-02-11 13:11:02,060 INFO  [SpringApplicationShutdownHook] com.zaxxer.hikari.HikariDataSource:HikariPool-1 - Shutdown completed.
2023-02-11 13:11:23,892 INFO  [restartedMain] com.tpe.SpringbootintroApplication:Starting SpringbootintroApplication using Java 17.0.3 on Otgos-MacBook-Air.local with PID 37368 (/Users/otgo/Desktop/backend/lessonPractice/springBootPractice/springbootintro/target/classes started by otgo in /Users/otgo/Desktop/backend/lessonPractice/springBootPractice/springbootintro)
2023-02-11 13:11:23,895 DEBUG [restartedMain] com.tpe.SpringbootintroApplication:Running with Spring Boot v2.6.3, Spring v5.3.15
2023-02-11 13:11:23,896 INFO  [restartedMain] com.tpe.SpringbootintroApplication:No active profile set, falling back to default profiles: default
2023-02-11 13:11:24,054 INFO  [restartedMain] org.springframework.boot.devtools.env.DevToolsPropertyDefaultsPostProcessor:Devtools property defaults active! Set 'spring.devtools.add-properties' to 'false' to disable
2023-02-11 13:11:24,054 INFO  [restartedMain] org.springframework.boot.devtools.env.DevToolsPropertyDefaultsPostProcessor:For additional web related logging consider setting the 'logging.level.web' property to 'DEBUG'
2023-02-11 13:11:27,335 INFO  [restartedMain] org.springframework.data.repository.config.RepositoryConfigurationDelegate:Bootstrapping Spring Data JPA repositories in DEFAULT mode.
2023-02-11 13:11:27,523 INFO  [restartedMain] org.springframework.data.repository.config.RepositoryConfigurationDelegate:Finished Spring Data repository scanning in 154 ms. Found 3 JPA repository interfaces.
2023-02-11 13:11:29,260 INFO  [restartedMain] org.springframework.boot.web.embedded.tomcat.TomcatWebServer:Tomcat initialized with port(s): 8080 (http)
2023-02-11 13:11:29,290 INFO  [restartedMain] org.apache.catalina.core.StandardService:Starting service [Tomcat]
2023-02-11 13:11:29,290 INFO  [restartedMain] org.apache.catalina.core.StandardEngine:Starting Servlet engine: [Apache Tomcat/9.0.56]
2023-02-11 13:11:29,437 INFO  [restartedMain] org.apache.catalina.core.ContainerBase.[Tomcat].[localhost].[/]:Initializing Spring embedded WebApplicationContext
2023-02-11 13:11:29,437 INFO  [restartedMain] org.springframework.boot.web.servlet.context.ServletWebServerApplicationContext:Root WebApplicationContext: initialization completed in 5381 ms
2023-02-11 13:11:30,385 INFO  [restartedMain] org.hibernate.jpa.internal.util.LogHelper:HHH000204: Processing PersistenceUnitInfo [name: default]
2023-02-11 13:11:30,617 INFO  [restartedMain] org.hibernate.Version:HHH000412: Hibernate ORM core version 5.6.4.Final
2023-02-11 13:11:31,303 INFO  [restartedMain] org.hibernate.annotations.common.Version:HCANN000001: Hibernate Commons Annotations {5.1.2.Final}
2023-02-11 13:11:31,694 INFO  [restartedMain] com.zaxxer.hikari.HikariDataSource:HikariPool-1 - Starting...
2023-02-11 13:11:32,183 INFO  [restartedMain] com.zaxxer.hikari.HikariDataSource:HikariPool-1 - Start completed.
2023-02-11 13:11:32,255 INFO  [restartedMain] org.hibernate.dialect.Dialect:HHH000400: Using dialect: org.hibernate.dialect.PostgreSQL9Dialect
2023-02-11 13:11:35,218 INFO  [restartedMain] org.hibernate.engine.transaction.jta.platform.internal.JtaPlatformInitiator:HHH000490: Using JtaPlatform implementation: [org.hibernate.engine.transaction.jta.platform.internal.NoJtaPlatform]
2023-02-11 13:11:35,251 INFO  [restartedMain] org.springframework.orm.jpa.LocalContainerEntityManagerFactoryBean:Initialized JPA EntityManagerFactory for persistence unit 'default'
2023-02-11 13:11:37,096 WARN  [restartedMain] org.springframework.boot.autoconfigure.orm.jpa.JpaBaseConfiguration$JpaWebConfiguration:spring.jpa.open-in-view is enabled by default. Therefore, database queries may be performed during view rendering. Explicitly configure spring.jpa.open-in-view to disable this warning
2023-02-11 13:11:37,831 INFO  [restartedMain] org.springframework.security.web.DefaultSecurityFilterChain:Will secure any request with [org.springframework.security.web.context.request.async.WebAsyncManagerIntegrationFilter@f5c4e082, org.springframework.security.web.context.SecurityContextPersistenceFilter@4edc5d14, org.springframework.security.web.header.HeaderWriterFilter@e3b61951, org.springframework.security.web.authentication.logout.LogoutFilter@1f7ba597, org.springframework.security.web.authentication.www.BasicAuthenticationFilter@979c8aa2, org.springframework.security.web.savedrequest.RequestCacheAwareFilter@811b9625, org.springframework.security.web.servletapi.SecurityContextHolderAwareRequestFilter@63e83f3d, org.springframework.security.web.authentication.AnonymousAuthenticationFilter@371b9e9a, org.springframework.security.web.session.SessionManagementFilter@85f589e9, org.springframework.security.web.access.ExceptionTranslationFilter@5f288966, org.springframework.security.web.access.intercept.FilterSecurityInterceptor@8821f0fa, org.springframework.security.web.access.intercept.AuthorizationFilter@d665666]
2023-02-11 13:11:39,445 INFO  [restartedMain] org.springframework.boot.devtools.autoconfigure.OptionalLiveReloadServer:LiveReload server is running on port 35729
2023-02-11 13:11:39,458 INFO  [restartedMain] org.springframework.boot.actuate.endpoint.web.EndpointLinksResolver:Exposing 4 endpoint(s) beneath base path '/actuator'
2023-02-11 13:11:39,597 INFO  [restartedMain] org.springframework.boot.web.embedded.tomcat.TomcatWebServer:Tomcat started on port(s): 8080 (http) with context path ''
2023-02-11 13:11:39,663 INFO  [restartedMain] com.tpe.SpringbootintroApplication:Started SpringbootintroApplication in 17.444 seconds (JVM running for 24.197)
2023-02-11 13:12:15,331 INFO  [http-nio-8080-exec-2] org.apache.catalina.core.ContainerBase.[Tomcat].[localhost].[/]:Initializing Spring DispatcherServlet 'dispatcherServlet'
2023-02-11 13:18:01,207 WARN  [HikariPool-1 housekeeper] com.zaxxer.hikari.pool.HikariPool:HikariPool-1 - Retrograde clock change detected (housekeeper delta=28s901ms), soft-evicting connections from pool.
2023-02-11 16:34:34,030 WARN  [HikariPool-1 housekeeper] com.zaxxer.hikari.pool.HikariPool:HikariPool-1 - Thread starvation or clock leap detected (housekeeper delta=3h16m32s824ms).
2023-02-11 17:05:34,293 WARN  [HikariPool-1 housekeeper] com.zaxxer.hikari.pool.HikariPool:HikariPool-1 - Retrograde clock change detected (housekeeper delta=29s867ms), soft-evicting connections from pool.
2023-02-11 17:35:04,143 WARN  [HikariPool-1 housekeeper] com.zaxxer.hikari.pool.HikariPool:HikariPool-1 - Retrograde clock change detected (housekeeper delta=29s721ms), soft-evicting connections from pool.
2023-02-11 18:21:14,373 WARN  [HikariPool-1 housekeeper] com.zaxxer.hikari.pool.HikariPool:HikariPool-1 - Thread starvation or clock leap detected (housekeeper delta=46m10s228ms).
2023-02-11 19:42:32,046 WARN  [HikariPool-1 housekeeper] com.zaxxer.hikari.pool.HikariPool:HikariPool-1 - Thread starvation or clock leap detected (housekeeper delta=1h11m47s306ms).
2023-02-11 20:18:10,087 WARN  [HikariPool-1 housekeeper] com.zaxxer.hikari.pool.HikariPool:HikariPool-1 - Thread starvation or clock leap detected (housekeeper delta=17m7s321ms).
2023-02-11 20:38:55,387 INFO  [SpringApplicationShutdownHook] org.springframework.orm.jpa.LocalContainerEntityManagerFactoryBean:Closing JPA EntityManagerFactory for persistence unit 'default'
2023-02-11 20:38:55,494 INFO  [SpringApplicationShutdownHook] com.zaxxer.hikari.HikariDataSource:HikariPool-1 - Shutdown initiated...
2023-02-11 20:38:55,549 INFO  [SpringApplicationShutdownHook] com.zaxxer.hikari.HikariDataSource:HikariPool-1 - Shutdown completed.
